sfml-graphics-s-d.lib(Transformable.obj) : warning LNK4099: PDB 'sfml-graphics-s.pdb' was not found with 'sfml-graphics-s-d.lib(Transformable.obj)' or at 'C:\Users\quant\source\repos\project\x64\Debug\sfml-graphics-s.pdb'; linking object as if no debug info
sfml-graphics-s-d.lib(Shape.obj) : warning LNK4099: PDB 'sfml-graphics-s.pdb' was not found with 'sfml-graphics-s-d.lib(Shape.obj)' or at 'C:\Users\quant\source\repos\project\x64\Debug\sfml-graphics-s.pdb'; linking object as if no debug info
sfml-graphics-s-d.lib(CircleShape.obj) : warning LNK4099: PDB 'sfml-graphics-s.pdb' was not found with 'sfml-graphics-s-d.lib(CircleShape.obj)' or at 'C:\Users\quant\source\repos\project\x64\Debug\sfml-graphics-s.pdb'; linking object as if no debug info
sfml-graphics-s-d.lib(Texture.obj) : warning LNK4099: PDB 'sfml-graphics-s.pdb' was not found with 'sfml-graphics-s-d.lib(Texture.obj)' or at 'C:\Users\quant\source\repos\project\x64\Debug\sfml-graphics-s.pdb'; linking object as if no debug info
sfml-graphics-s-d.lib(Font.obj) : warning LNK4099: PDB 'sfml-graphics-s.pdb' was not found with 'sfml-graphics-s-d.lib(Font.obj)' or at 'C:\Users\quant\source\repos\project\x64\Debug\sfml-graphics-s.pdb'; linking object as if no debug info
sfml-graphics-s-d.lib(RectangleShape.obj) : warning LNK4099: PDB 'sfml-graphics-s.pdb' was not found with 'sfml-graphics-s-d.lib(RectangleShape.obj)' or at 'C:\Users\quant\source\repos\project\x64\Debug\sfml-graphics-s.pdb'; linking object as if no debug info
sfml-graphics-s-d.lib(View.obj) : warning LNK4099: PDB 'sfml-graphics-s.pdb' was not found with 'sfml-graphics-s-d.lib(View.obj)' or at 'C:\Users\quant\source\repos\project\x64\Debug\sfml-graphics-s.pdb'; linking object as if no debug info
sfml-graphics-s-d.lib(RenderTarget.obj) : warning LNK4099: PDB 'sfml-graphics-s.pdb' was not found with 'sfml-graphics-s-d.lib(RenderTarget.obj)' or at 'C:\Users\quant\source\repos\project\x64\Debug\sfml-graphics-s.pdb'; linking object as if no debug info
sfml-graphics-s-d.lib(RenderWindow.obj) : warning LNK4099: PDB 'sfml-graphics-s.pdb' was not found with 'sfml-graphics-s-d.lib(RenderWindow.obj)' or at 'C:\Users\quant\source\repos\project\x64\Debug\sfml-graphics-s.pdb'; linking object as if no debug info
sfml-graphics-s-d.lib(Sprite.obj) : warning LNK4099: PDB 'sfml-graphics-s.pdb' was not found with 'sfml-graphics-s-d.lib(Sprite.obj)' or at 'C:\Users\quant\source\repos\project\x64\Debug\sfml-graphics-s.pdb'; linking object as if no debug info
sfml-graphics-s-d.lib(Text.obj) : warning LNK4099: PDB 'sfml-graphics-s.pdb' was not found with 'sfml-graphics-s-d.lib(Text.obj)' or at 'C:\Users\quant\source\repos\project\x64\Debug\sfml-graphics-s.pdb'; linking object as if no debug info
sfml-graphics-s-d.lib(RenderStates.obj) : warning LNK4099: PDB 'sfml-graphics-s.pdb' was not found with 'sfml-graphics-s-d.lib(RenderStates.obj)' or at 'C:\Users\quant\source\repos\project\x64\Debug\sfml-graphics-s.pdb'; linking object as if no debug info
sfml-graphics-s-d.lib(VertexArray.obj) : warning LNK4099: PDB 'sfml-graphics-s.pdb' was not found with 'sfml-graphics-s-d.lib(VertexArray.obj)' or at 'C:\Users\quant\source\repos\project\x64\Debug\sfml-graphics-s.pdb'; linking object as if no debug info
sfml-graphics-s-d.lib(GLExtensions.obj) : warning LNK4099: PDB 'sfml-graphics-s.pdb' was not found with 'sfml-graphics-s-d.lib(GLExtensions.obj)' or at 'C:\Users\quant\source\repos\project\x64\Debug\sfml-graphics-s.pdb'; linking object as if no debug info
sfml-graphics-s-d.lib(GLCheck.obj) : warning LNK4099: PDB 'sfml-graphics-s.pdb' was not found with 'sfml-graphics-s-d.lib(GLCheck.obj)' or at 'C:\Users\quant\source\repos\project\x64\Debug\sfml-graphics-s.pdb'; linking object as if no debug info
sfml-graphics-s-d.lib(Image.obj) : warning LNK4099: PDB 'sfml-graphics-s.pdb' was not found with 'sfml-graphics-s-d.lib(Image.obj)' or at 'C:\Users\quant\source\repos\project\x64\Debug\sfml-graphics-s.pdb'; linking object as if no debug info
sfml-graphics-s-d.lib(TextureSaver.obj) : warning LNK4099: PDB 'sfml-graphics-s.pdb' was not found with 'sfml-graphics-s-d.lib(TextureSaver.obj)' or at 'C:\Users\quant\source\repos\project\x64\Debug\sfml-graphics-s.pdb'; linking object as if no debug info
sfml-graphics-s-d.lib(BlendMode.obj) : warning LNK4099: PDB 'sfml-graphics-s.pdb' was not found with 'sfml-graphics-s-d.lib(BlendMode.obj)' or at 'C:\Users\quant\source\repos\project\x64\Debug\sfml-graphics-s.pdb'; linking object as if no debug info
sfml-graphics-s-d.lib(StencilMode.obj) : warning LNK4099: PDB 'sfml-graphics-s.pdb' was not found with 'sfml-graphics-s-d.lib(StencilMode.obj)' or at 'C:\Users\quant\source\repos\project\x64\Debug\sfml-graphics-s.pdb'; linking object as if no debug info
sfml-graphics-s-d.lib(Shader.obj) : warning LNK4099: PDB 'sfml-graphics-s.pdb' was not found with 'sfml-graphics-s-d.lib(Shader.obj)' or at 'C:\Users\quant\source\repos\project\x64\Debug\sfml-graphics-s.pdb'; linking object as if no debug info
sfml-graphics-s-d.lib(VertexBuffer.obj) : warning LNK4099: PDB 'sfml-graphics-s.pdb' was not found with 'sfml-graphics-s-d.lib(VertexBuffer.obj)' or at 'C:\Users\quant\source\repos\project\x64\Debug\sfml-graphics-s.pdb'; linking object as if no debug info
sfml-graphics-s-d.lib(RenderTextureImplFBO.obj) : warning LNK4099: PDB 'sfml-graphics-s.pdb' was not found with 'sfml-graphics-s-d.lib(RenderTextureImplFBO.obj)' or at 'C:\Users\quant\source\repos\project\x64\Debug\sfml-graphics-s.pdb'; linking object as if no debug info
sfml-graphics-s-d.lib(Glsl.obj) : warning LNK4099: PDB 'sfml-graphics-s.pdb' was not found with 'sfml-graphics-s-d.lib(Glsl.obj)' or at 'C:\Users\quant\source\repos\project\x64\Debug\sfml-graphics-s.pdb'; linking object as if no debug info
sfml-window-s-d.lib(VideoMode.obj) : warning LNK4099: PDB 'sfml-window-s.pdb' was not found with 'sfml-window-s-d.lib(VideoMode.obj)' or at 'C:\Users\quant\source\repos\project\x64\Debug\sfml-window-s.pdb'; linking object as if no debug info
sfml-window-s-d.lib(WindowBase.obj) : warning LNK4099: PDB 'sfml-window-s.pdb' was not found with 'sfml-window-s-d.lib(WindowBase.obj)' or at 'C:\Users\quant\source\repos\project\x64\Debug\sfml-window-s.pdb'; linking object as if no debug info
sfml-window-s-d.lib(Keyboard.obj) : warning LNK4099: PDB 'sfml-window-s.pdb' was not found with 'sfml-window-s-d.lib(Keyboard.obj)' or at 'C:\Users\quant\source\repos\project\x64\Debug\sfml-window-s.pdb'; linking object as if no debug info
sfml-window-s-d.lib(Window.obj) : warning LNK4099: PDB 'sfml-window-s.pdb' was not found with 'sfml-window-s-d.lib(Window.obj)' or at 'C:\Users\quant\source\repos\project\x64\Debug\sfml-window-s.pdb'; linking object as if no debug info
sfml-window-s-d.lib(Touch.obj) : warning LNK4099: PDB 'sfml-window-s.pdb' was not found with 'sfml-window-s-d.lib(Touch.obj)' or at 'C:\Users\quant\source\repos\project\x64\Debug\sfml-window-s.pdb'; linking object as if no debug info
sfml-window-s-d.lib(GlResource.obj) : warning LNK4099: PDB 'sfml-window-s.pdb' was not found with 'sfml-window-s-d.lib(GlResource.obj)' or at 'C:\Users\quant\source\repos\project\x64\Debug\sfml-window-s.pdb'; linking object as if no debug info
sfml-window-s-d.lib(Context.obj) : warning LNK4099: PDB 'sfml-window-s.pdb' was not found with 'sfml-window-s-d.lib(Context.obj)' or at 'C:\Users\quant\source\repos\project\x64\Debug\sfml-window-s.pdb'; linking object as if no debug info
sfml-window-s-d.lib(VideoModeImpl.obj) : warning LNK4099: PDB 'sfml-window-s.pdb' was not found with 'sfml-window-s-d.lib(VideoModeImpl.obj)' or at 'C:\Users\quant\source\repos\project\x64\Debug\sfml-window-s.pdb'; linking object as if no debug info
sfml-window-s-d.lib(Cursor.obj) : warning LNK4099: PDB 'sfml-window-s.pdb' was not found with 'sfml-window-s-d.lib(Cursor.obj)' or at 'C:\Users\quant\source\repos\project\x64\Debug\sfml-window-s.pdb'; linking object as if no debug info
sfml-window-s-d.lib(WindowImpl.obj) : warning LNK4099: PDB 'sfml-window-s.pdb' was not found with 'sfml-window-s-d.lib(WindowImpl.obj)' or at 'C:\Users\quant\source\repos\project\x64\Debug\sfml-window-s.pdb'; linking object as if no debug info
sfml-window-s-d.lib(InputImpl.obj) : warning LNK4099: PDB 'sfml-window-s.pdb' was not found with 'sfml-window-s-d.lib(InputImpl.obj)' or at 'C:\Users\quant\source\repos\project\x64\Debug\sfml-window-s.pdb'; linking object as if no debug info
sfml-window-s-d.lib(GlContext.obj) : warning LNK4099: PDB 'sfml-window-s.pdb' was not found with 'sfml-window-s-d.lib(GlContext.obj)' or at 'C:\Users\quant\source\repos\project\x64\Debug\sfml-window-s.pdb'; linking object as if no debug info
sfml-window-s-d.lib(CursorImpl.obj) : warning LNK4099: PDB 'sfml-window-s.pdb' was not found with 'sfml-window-s-d.lib(CursorImpl.obj)' or at 'C:\Users\quant\source\repos\project\x64\Debug\sfml-window-s.pdb'; linking object as if no debug info
sfml-window-s-d.lib(JoystickManager.obj) : warning LNK4099: PDB 'sfml-window-s.pdb' was not found with 'sfml-window-s-d.lib(JoystickManager.obj)' or at 'C:\Users\quant\source\repos\project\x64\Debug\sfml-window-s.pdb'; linking object as if no debug info
sfml-window-s-d.lib(SensorManager.obj) : warning LNK4099: PDB 'sfml-window-s.pdb' was not found with 'sfml-window-s-d.lib(SensorManager.obj)' or at 'C:\Users\quant\source\repos\project\x64\Debug\sfml-window-s.pdb'; linking object as if no debug info
sfml-window-s-d.lib(WindowImplWin32.obj) : warning LNK4099: PDB 'sfml-window-s.pdb' was not found with 'sfml-window-s-d.lib(WindowImplWin32.obj)' or at 'C:\Users\quant\source\repos\project\x64\Debug\sfml-window-s.pdb'; linking object as if no debug info
sfml-window-s-d.lib(VulkanImplWin32.obj) : warning LNK4099: PDB 'sfml-window-s.pdb' was not found with 'sfml-window-s-d.lib(VulkanImplWin32.obj)' or at 'C:\Users\quant\source\repos\project\x64\Debug\sfml-window-s.pdb'; linking object as if no debug info
sfml-window-s-d.lib(WglContext.obj) : warning LNK4099: PDB 'sfml-window-s.pdb' was not found with 'sfml-window-s-d.lib(WglContext.obj)' or at 'C:\Users\quant\source\repos\project\x64\Debug\sfml-window-s.pdb'; linking object as if no debug info
sfml-window-s-d.lib(JoystickImpl.obj) : warning LNK4099: PDB 'sfml-window-s.pdb' was not found with 'sfml-window-s-d.lib(JoystickImpl.obj)' or at 'C:\Users\quant\source\repos\project\x64\Debug\sfml-window-s.pdb'; linking object as if no debug info
sfml-window-s-d.lib(SensorImpl.obj) : warning LNK4099: PDB 'sfml-window-s.pdb' was not found with 'sfml-window-s-d.lib(SensorImpl.obj)' or at 'C:\Users\quant\source\repos\project\x64\Debug\sfml-window-s.pdb'; linking object as if no debug info
sfml-system-s-d.lib(Vector2.obj) : warning LNK4099: PDB 'sfml-system-s.pdb' was not found with 'sfml-system-s-d.lib(Vector2.obj)' or at 'C:\Users\quant\source\repos\project\x64\Debug\sfml-system-s.pdb'; linking object as if no debug info
sfml-system-s-d.lib(String.obj) : warning LNK4099: PDB 'sfml-system-s.pdb' was not found with 'sfml-system-s-d.lib(String.obj)' or at 'C:\Users\quant\source\repos\project\x64\Debug\sfml-system-s.pdb'; linking object as if no debug info
sfml-system-s-d.lib(Clock.obj) : warning LNK4099: PDB 'sfml-system-s.pdb' was not found with 'sfml-system-s-d.lib(Clock.obj)' or at 'C:\Users\quant\source\repos\project\x64\Debug\sfml-system-s.pdb'; linking object as if no debug info
sfml-system-s-d.lib(Err.obj) : warning LNK4099: PDB 'sfml-system-s.pdb' was not found with 'sfml-system-s-d.lib(Err.obj)' or at 'C:\Users\quant\source\repos\project\x64\Debug\sfml-system-s.pdb'; linking object as if no debug info
sfml-system-s-d.lib(Utils.obj) : warning LNK4099: PDB 'sfml-system-s.pdb' was not found with 'sfml-system-s-d.lib(Utils.obj)' or at 'C:\Users\quant\source\repos\project\x64\Debug\sfml-system-s.pdb'; linking object as if no debug info
sfml-system-s-d.lib(Sleep.obj) : warning LNK4099: PDB 'sfml-system-s.pdb' was not found with 'sfml-system-s-d.lib(Sleep.obj)' or at 'C:\Users\quant\source\repos\project\x64\Debug\sfml-system-s.pdb'; linking object as if no debug info
sfml-system-s-d.lib(SleepImpl.obj) : warning LNK4099: PDB 'sfml-system-s.pdb' was not found with 'sfml-system-s-d.lib(SleepImpl.obj)' or at 'C:\Users\quant\source\repos\project\x64\Debug\sfml-system-s.pdb'; linking object as if no debug info
sfml-audio-s-d.lib(Sound.obj) : warning LNK4099: PDB 'sfml-audio-s.pdb' was not found with 'sfml-audio-s-d.lib(Sound.obj)' or at 'C:\Users\quant\source\repos\project\x64\Debug\sfml-audio-s.pdb'; linking object as if no debug info
sfml-audio-s-d.lib(SoundBuffer.obj) : warning LNK4099: PDB 'sfml-audio-s.pdb' was not found with 'sfml-audio-s-d.lib(SoundBuffer.obj)' or at 'C:\Users\quant\source\repos\project\x64\Debug\sfml-audio-s.pdb'; linking object as if no debug info
sfml-audio-s-d.lib(Miniaudio.obj) : warning LNK4099: PDB 'sfml-audio-s.pdb' was not found with 'sfml-audio-s-d.lib(Miniaudio.obj)' or at 'C:\Users\quant\source\repos\project\x64\Debug\sfml-audio-s.pdb'; linking object as if no debug info
sfml-audio-s-d.lib(AudioResource.obj) : warning LNK4099: PDB 'sfml-audio-s.pdb' was not found with 'sfml-audio-s-d.lib(AudioResource.obj)' or at 'C:\Users\quant\source\repos\project\x64\Debug\sfml-audio-s.pdb'; linking object as if no debug info
sfml-audio-s-d.lib(SoundSource.obj) : warning LNK4099: PDB 'sfml-audio-s.pdb' was not found with 'sfml-audio-s-d.lib(SoundSource.obj)' or at 'C:\Users\quant\source\repos\project\x64\Debug\sfml-audio-s.pdb'; linking object as if no debug info
sfml-audio-s-d.lib(MiniaudioUtils.obj) : warning LNK4099: PDB 'sfml-audio-s.pdb' was not found with 'sfml-audio-s-d.lib(MiniaudioUtils.obj)' or at 'C:\Users\quant\source\repos\project\x64\Debug\sfml-audio-s.pdb'; linking object as if no debug info
sfml-audio-s-d.lib(InputSoundFile.obj) : warning LNK4099: PDB 'sfml-audio-s.pdb' was not found with 'sfml-audio-s-d.lib(InputSoundFile.obj)' or at 'C:\Users\quant\source\repos\project\x64\Debug\sfml-audio-s.pdb'; linking object as if no debug info
sfml-audio-s-d.lib(OutputSoundFile.obj) : warning LNK4099: PDB 'sfml-audio-s.pdb' was not found with 'sfml-audio-s-d.lib(OutputSoundFile.obj)' or at 'C:\Users\quant\source\repos\project\x64\Debug\sfml-audio-s.pdb'; linking object as if no debug info
sfml-audio-s-d.lib(AudioDevice.obj) : warning LNK4099: PDB 'sfml-audio-s.pdb' was not found with 'sfml-audio-s-d.lib(AudioDevice.obj)' or at 'C:\Users\quant\source\repos\project\x64\Debug\sfml-audio-s.pdb'; linking object as if no debug info
sfml-audio-s-d.lib(SoundFileFactory.obj) : warning LNK4099: PDB 'sfml-audio-s.pdb' was not found with 'sfml-audio-s-d.lib(SoundFileFactory.obj)' or at 'C:\Users\quant\source\repos\project\x64\Debug\sfml-audio-s.pdb'; linking object as if no debug info
sfml-audio-s-d.lib(PlaybackDevice.obj) : warning LNK4099: PDB 'sfml-audio-s.pdb' was not found with 'sfml-audio-s-d.lib(PlaybackDevice.obj)' or at 'C:\Users\quant\source\repos\project\x64\Debug\sfml-audio-s.pdb'; linking object as if no debug info
sfml-audio-s-d.lib(SoundFileReaderFlac.obj) : warning LNK4099: PDB 'sfml-audio-s.pdb' was not found with 'sfml-audio-s-d.lib(SoundFileReaderFlac.obj)' or at 'C:\Users\quant\source\repos\project\x64\Debug\sfml-audio-s.pdb'; linking object as if no debug info
sfml-audio-s-d.lib(SoundFileReaderMp3.obj) : warning LNK4099: PDB 'sfml-audio-s.pdb' was not found with 'sfml-audio-s-d.lib(SoundFileReaderMp3.obj)' or at 'C:\Users\quant\source\repos\project\x64\Debug\sfml-audio-s.pdb'; linking object as if no debug info
sfml-audio-s-d.lib(SoundFileReaderOgg.obj) : warning LNK4099: PDB 'sfml-audio-s.pdb' was not found with 'sfml-audio-s-d.lib(SoundFileReaderOgg.obj)' or at 'C:\Users\quant\source\repos\project\x64\Debug\sfml-audio-s.pdb'; linking object as if no debug info
sfml-audio-s-d.lib(SoundFileReaderWav.obj) : warning LNK4099: PDB 'sfml-audio-s.pdb' was not found with 'sfml-audio-s-d.lib(SoundFileReaderWav.obj)' or at 'C:\Users\quant\source\repos\project\x64\Debug\sfml-audio-s.pdb'; linking object as if no debug info
sfml-audio-s-d.lib(SoundFileWriterFlac.obj) : warning LNK4099: PDB 'sfml-audio-s.pdb' was not found with 'sfml-audio-s-d.lib(SoundFileWriterFlac.obj)' or at 'C:\Users\quant\source\repos\project\x64\Debug\sfml-audio-s.pdb'; linking object as if no debug info
sfml-audio-s-d.lib(SoundFileWriterOgg.obj) : warning LNK4099: PDB 'sfml-audio-s.pdb' was not found with 'sfml-audio-s-d.lib(SoundFileWriterOgg.obj)' or at 'C:\Users\quant\source\repos\project\x64\Debug\sfml-audio-s.pdb'; linking object as if no debug info
sfml-audio-s-d.lib(SoundFileWriterWav.obj) : warning LNK4099: PDB 'sfml-audio-s.pdb' was not found with 'sfml-audio-s-d.lib(SoundFileWriterWav.obj)' or at 'C:\Users\quant\source\repos\project\x64\Debug\sfml-audio-s.pdb'; linking object as if no debug info
sfml-system-s-d.lib(FileInputStream.obj) : warning LNK4099: PDB 'sfml-system-s.pdb' was not found with 'sfml-system-s-d.lib(FileInputStream.obj)' or at 'C:\Users\quant\source\repos\project\x64\Debug\sfml-system-s.pdb'; linking object as if no debug info
sfml-system-s-d.lib(MemoryInputStream.obj) : warning LNK4099: PDB 'sfml-system-s.pdb' was not found with 'sfml-system-s-d.lib(MemoryInputStream.obj)' or at 'C:\Users\quant\source\repos\project\x64\Debug\sfml-system-s.pdb'; linking object as if no debug info
sfml-graphics-s-d.lib(Font.obj) : error LNK2019: unresolved external symbol FT_Init_FreeType referenced in function "public: bool __cdecl sf::Font::openFromFile(class std::filesystem::path const &)" (?openFromFile@Font@sf@@QEAA_NAEBVpath@filesystem@std@@@Z)
sfml-graphics-s-d.lib(Font.obj) : error LNK2019: unresolved external symbol FT_Done_FreeType referenced in function "public: __cdecl sf::Font::FontHandles::~FontHandles(void)" (??1FontHandles@Font@sf@@QEAA@XZ)
sfml-graphics-s-d.lib(Font.obj) : error LNK2019: unresolved external symbol FT_New_Face referenced in function "public: bool __cdecl sf::Font::openFromFile(class std::filesystem::path const &)" (?openFromFile@Font@sf@@QEAA_NAEBVpath@filesystem@std@@@Z)
sfml-graphics-s-d.lib(Font.obj) : error LNK2019: unresolved external symbol FT_New_Memory_Face referenced in function "public: bool __cdecl sf::Font::openFromMemory(void const *,unsigned __int64)" (?openFromMemory@Font@sf@@QEAA_NPEBX_K@Z)
sfml-graphics-s-d.lib(Font.obj) : error LNK2019: unresolved external symbol FT_Open_Face referenced in function "public: bool __cdecl sf::Font::openFromStream(class sf::InputStream &)" (?openFromStream@Font@sf@@QEAA_NAEAVInputStream@2@@Z)
sfml-graphics-s-d.lib(Font.obj) : error LNK2019: unresolved external symbol FT_Done_Face referenced in function "public: __cdecl sf::Font::FontHandles::~FontHandles(void)" (??1FontHandles@Font@sf@@QEAA@XZ)
sfml-graphics-s-d.lib(Font.obj) : error LNK2019: unresolved external symbol FT_Set_Pixel_Sizes referenced in function "private: bool __cdecl sf::Font::setCurrentSize(unsigned int)const " (?setCurrentSize@Font@sf@@AEBA_NI@Z)
sfml-graphics-s-d.lib(Font.obj) : error LNK2019: unresolved external symbol FT_Load_Char referenced in function "private: struct sf::Glyph __cdecl sf::Font::loadGlyph(char32_t,unsigned int,bool,float)const " (?loadGlyph@Font@sf@@AEBA?AUGlyph@2@_UI_NM@Z)
sfml-graphics-s-d.lib(Font.obj) : error LNK2019: unresolved external symbol FT_Get_Kerning referenced in function "public: float __cdecl sf::Font::getKerning(unsigned int,unsigned int,unsigned int,bool)const " (?getKerning@Font@sf@@QEBAMIII_N@Z)
sfml-graphics-s-d.lib(Font.obj) : error LNK2019: unresolved external symbol FT_Select_Charmap referenced in function "public: bool __cdecl sf::Font::openFromFile(class std::filesystem::path const &)" (?openFromFile@Font@sf@@QEAA_NAEBVpath@filesystem@std@@@Z)
sfml-graphics-s-d.lib(Font.obj) : error LNK2019: unresolved external symbol FT_Get_Char_Index referenced in function "public: struct sf::Glyph const & __cdecl sf::Font::getGlyph(char32_t,unsigned int,bool,float)const " (?getGlyph@Font@sf@@QEBAAEBUGlyph@2@_UI_NM@Z)
sfml-graphics-s-d.lib(Font.obj) : error LNK2019: unresolved external symbol FT_MulFix referenced in function "public: float __cdecl sf::Font::getUnderlinePosition(unsigned int)const " (?getUnderlinePosition@Font@sf@@QEBAMI@Z)
sfml-graphics-s-d.lib(Font.obj) : error LNK2019: unresolved external symbol FT_Get_Glyph referenced in function "private: struct sf::Glyph __cdecl sf::Font::loadGlyph(char32_t,unsigned int,bool,float)const " (?loadGlyph@Font@sf@@AEBA?AUGlyph@2@_UI_NM@Z)
sfml-graphics-s-d.lib(Font.obj) : error LNK2019: unresolved external symbol FT_Glyph_To_Bitmap referenced in function "private: struct sf::Glyph __cdecl sf::Font::loadGlyph(char32_t,unsigned int,bool,float)const " (?loadGlyph@Font@sf@@AEBA?AUGlyph@2@_UI_NM@Z)
sfml-graphics-s-d.lib(Font.obj) : error LNK2019: unresolved external symbol FT_Done_Glyph referenced in function "private: struct sf::Glyph __cdecl sf::Font::loadGlyph(char32_t,unsigned int,bool,float)const " (?loadGlyph@Font@sf@@AEBA?AUGlyph@2@_UI_NM@Z)
sfml-graphics-s-d.lib(Font.obj) : error LNK2019: unresolved external symbol FT_Outline_Embolden referenced in function "private: struct sf::Glyph __cdecl sf::Font::loadGlyph(char32_t,unsigned int,bool,float)const " (?loadGlyph@Font@sf@@AEBA?AUGlyph@2@_UI_NM@Z)
sfml-graphics-s-d.lib(Font.obj) : error LNK2019: unresolved external symbol FT_Bitmap_Embolden referenced in function "private: struct sf::Glyph __cdecl sf::Font::loadGlyph(char32_t,unsigned int,bool,float)const " (?loadGlyph@Font@sf@@AEBA?AUGlyph@2@_UI_NM@Z)
sfml-graphics-s-d.lib(Font.obj) : error LNK2019: unresolved external symbol FT_Stroker_New referenced in function "public: bool __cdecl sf::Font::openFromFile(class std::filesystem::path const &)" (?openFromFile@Font@sf@@QEAA_NAEBVpath@filesystem@std@@@Z)
sfml-graphics-s-d.lib(Font.obj) : error LNK2019: unresolved external symbol FT_Stroker_Set referenced in function "private: struct sf::Glyph __cdecl sf::Font::loadGlyph(char32_t,unsigned int,bool,float)const " (?loadGlyph@Font@sf@@AEBA?AUGlyph@2@_UI_NM@Z)
sfml-graphics-s-d.lib(Font.obj) : error LNK2019: unresolved external symbol FT_Stroker_Done referenced in function "public: __cdecl sf::Font::FontHandles::~FontHandles(void)" (??1FontHandles@Font@sf@@QEAA@XZ)
sfml-graphics-s-d.lib(Font.obj) : error LNK2019: unresolved external symbol FT_Glyph_Stroke referenced in function "private: struct sf::Glyph __cdecl sf::Font::loadGlyph(char32_t,unsigned int,bool,float)const " (?loadGlyph@Font@sf@@AEBA?AUGlyph@2@_UI_NM@Z)
sfml-window-s-d.lib(WglContext.obj) : error LNK2019: unresolved external symbol __imp_wglCreateContext referenced in function "private: void __cdecl sf::priv::WglContext::createContext(class sf::priv::WglContext *)" (?createContext@WglContext@priv@sf@@AEAAXPEAV123@@Z)
sfml-window-s-d.lib(WglContext.obj) : error LNK2019: unresolved external symbol __imp_wglDeleteContext referenced in function "public: virtual __cdecl sf::priv::WglContext::~WglContext(void)" (??1WglContext@priv@sf@@UEAA@XZ)
sfml-window-s-d.lib(WglContext.obj) : error LNK2019: unresolved external symbol __imp_wglGetProcAddress referenced in function "public: static void (__cdecl*__cdecl sf::priv::WglContext::getFunction(char const *))(void)" (?getFunction@WglContext@priv@sf@@SAP6AXXZPEBD@Z)
sfml-window-s-d.lib(WglContext.obj) : error LNK2019: unresolved external symbol __imp_wglMakeCurrent referenced in function "public: virtual __cdecl sf::priv::WglContext::~WglContext(void)" (??1WglContext@priv@sf@@UEAA@XZ)
sfml-window-s-d.lib(WglContext.obj) : error LNK2019: unresolved external symbol __imp_wglShareLists referenced in function "private: void __cdecl sf::priv::WglContext::createContext(class sf::priv::WglContext *)" (?createContext@WglContext@priv@sf@@AEAAXPEAV123@@Z)
sfml-window-s-d.lib(JoystickImpl.obj) : error LNK2019: unresolved external symbol __imp_joyGetPosEx referenced in function "public: static bool __cdecl sf::priv::JoystickImpl::isConnected(unsigned int)" (?isConnected@JoystickImpl@priv@sf@@SA_NI@Z)
sfml-window-s-d.lib(JoystickImpl.obj) : error LNK2019: unresolved external symbol __imp_joyGetDevCapsW referenced in function "public: bool __cdecl sf::priv::JoystickImpl::open(unsigned int)" (?open@JoystickImpl@priv@sf@@QEAA_NI@Z)
sfml-system-s-d.lib(SleepImpl.obj) : error LNK2019: unresolved external symbol __imp_timeGetDevCaps referenced in function "public: __cdecl `void __cdecl sf::priv::sleepImpl(class sf::Time)'::`2'::<lambda_1>::operator()(void)const " (??R<lambda_1>@?1??sleepImpl@priv@sf@@YAXVTime@3@@Z@QEBA@XZ)
sfml-system-s-d.lib(SleepImpl.obj) : error LNK2019: unresolved external symbol __imp_timeBeginPeriod referenced in function "void __cdecl sf::priv::sleepImpl(class sf::Time)" (?sleepImpl@priv@sf@@YAXVTime@2@@Z)
sfml-system-s-d.lib(SleepImpl.obj) : error LNK2019: unresolved external symbol __imp_timeEndPeriod referenced in function "void __cdecl sf::priv::sleepImpl(class sf::Time)" (?sleepImpl@priv@sf@@YAXVTime@2@@Z)
sfml-audio-s-d.lib(SoundFileReaderFlac.obj) : error LNK2019: unresolved external symbol FLAC__stream_decoder_new referenced in function "public: static bool __cdecl sf::priv::SoundFileReaderFlac::check(class sf::InputStream &)" (?check@SoundFileReaderFlac@priv@sf@@SA_NAEAVInputStream@3@@Z)
sfml-audio-s-d.lib(SoundFileReaderFlac.obj) : error LNK2019: unresolved external symbol FLAC__stream_decoder_delete referenced in function "public: static bool __cdecl sf::priv::SoundFileReaderFlac::check(class sf::InputStream &)" (?check@SoundFileReaderFlac@priv@sf@@SA_NAEAVInputStream@3@@Z)
sfml-audio-s-d.lib(SoundFileReaderFlac.obj) : error LNK2019: unresolved external symbol FLAC__stream_decoder_get_state referenced in function "public: virtual unsigned __int64 __cdecl sf::priv::SoundFileReaderFlac::read(short *,unsigned __int64)" (?read@SoundFileReaderFlac@priv@sf@@UEAA_KPEAF_K@Z)
sfml-audio-s-d.lib(SoundFileReaderFlac.obj) : error LNK2019: unresolved external symbol FLAC__stream_decoder_init_stream referenced in function "public: static bool __cdecl sf::priv::SoundFileReaderFlac::check(class sf::InputStream &)" (?check@SoundFileReaderFlac@priv@sf@@SA_NAEAVInputStream@3@@Z)
sfml-audio-s-d.lib(SoundFileReaderFlac.obj) : error LNK2019: unresolved external symbol FLAC__stream_decoder_finish referenced in function "public: static bool __cdecl sf::priv::SoundFileReaderFlac::check(class sf::InputStream &)" (?check@SoundFileReaderFlac@priv@sf@@SA_NAEAVInputStream@3@@Z)
sfml-audio-s-d.lib(SoundFileReaderFlac.obj) : error LNK2019: unresolved external symbol FLAC__stream_decoder_process_single referenced in function "public: virtual unsigned __int64 __cdecl sf::priv::SoundFileReaderFlac::read(short *,unsigned __int64)" (?read@SoundFileReaderFlac@priv@sf@@UEAA_KPEAF_K@Z)
sfml-audio-s-d.lib(SoundFileReaderFlac.obj) : error LNK2019: unresolved external symbol FLAC__stream_decoder_process_until_end_of_metadata referenced in function "public: static bool __cdecl sf::priv::SoundFileReaderFlac::check(class sf::InputStream &)" (?check@SoundFileReaderFlac@priv@sf@@SA_NAEAVInputStream@3@@Z)
sfml-audio-s-d.lib(SoundFileReaderFlac.obj) : error LNK2019: unresolved external symbol FLAC__stream_decoder_skip_single_frame referenced in function "public: virtual void __cdecl sf::priv::SoundFileReaderFlac::seek(unsigned __int64)" (?seek@SoundFileReaderFlac@priv@sf@@UEAAX_K@Z)
sfml-audio-s-d.lib(SoundFileReaderFlac.obj) : error LNK2019: unresolved external symbol FLAC__stream_decoder_seek_absolute referenced in function "public: virtual void __cdecl sf::priv::SoundFileReaderFlac::seek(unsigned __int64)" (?seek@SoundFileReaderFlac@priv@sf@@UEAAX_K@Z)
sfml-audio-s-d.lib(SoundFileReaderOgg.obj) : error LNK2019: unresolved external symbol ov_clear referenced in function "public: static bool __cdecl sf::priv::SoundFileReaderOgg::check(class sf::InputStream &)" (?check@SoundFileReaderOgg@priv@sf@@SA_NAEAVInputStream@3@@Z)
sfml-audio-s-d.lib(SoundFileReaderOgg.obj) : error LNK2019: unresolved external symbol ov_open_callbacks referenced in function "public: virtual class std::optional<struct sf::SoundFileReader::Info> __cdecl sf::priv::SoundFileReaderOgg::open(class sf::InputStream &)" (?open@SoundFileReaderOgg@priv@sf@@UEAA?AV?$optional@UInfo@SoundFileReader@sf@@@std@@AEAVInputStream@3@@Z)
sfml-audio-s-d.lib(SoundFileReaderOgg.obj) : error LNK2019: unresolved external symbol ov_test_callbacks referenced in function "public: static bool __cdecl sf::priv::SoundFileReaderOgg::check(class sf::InputStream &)" (?check@SoundFileReaderOgg@priv@sf@@SA_NAEAVInputStream@3@@Z)
sfml-audio-s-d.lib(SoundFileReaderOgg.obj) : error LNK2019: unresolved external symbol ov_pcm_total referenced in function "public: virtual class std::optional<struct sf::SoundFileReader::Info> __cdecl sf::priv::SoundFileReaderOgg::open(class sf::InputStream &)" (?open@SoundFileReaderOgg@priv@sf@@UEAA?AV?$optional@UInfo@SoundFileReader@sf@@@std@@AEAVInputStream@3@@Z)
sfml-audio-s-d.lib(SoundFileReaderOgg.obj) : error LNK2019: unresolved external symbol ov_pcm_seek referenced in function "public: virtual void __cdecl sf::priv::SoundFileReaderOgg::seek(unsigned __int64)" (?seek@SoundFileReaderOgg@priv@sf@@UEAAX_K@Z)
sfml-audio-s-d.lib(SoundFileReaderOgg.obj) : error LNK2019: unresolved external symbol ov_info referenced in function "public: virtual class std::optional<struct sf::SoundFileReader::Info> __cdecl sf::priv::SoundFileReaderOgg::open(class sf::InputStream &)" (?open@SoundFileReaderOgg@priv@sf@@UEAA?AV?$optional@UInfo@SoundFileReader@sf@@@std@@AEAVInputStream@3@@Z)
sfml-audio-s-d.lib(SoundFileReaderOgg.obj) : error LNK2019: unresolved external symbol ov_read referenced in function "public: virtual unsigned __int64 __cdecl sf::priv::SoundFileReaderOgg::read(short *,unsigned __int64)" (?read@SoundFileReaderOgg@priv@sf@@UEAA_KPEAF_K@Z)
sfml-audio-s-d.lib(SoundFileWriterFlac.obj) : error LNK2019: unresolved external symbol FLAC__stream_encoder_new referenced in function "public: virtual bool __cdecl sf::priv::SoundFileWriterFlac::open(class std::filesystem::path const &,unsigned int,unsigned int,class std::vector<enum sf::SoundChannel,class std::allocator<enum sf::SoundChannel> > const &)" (?open@SoundFileWriterFlac@priv@sf@@UEAA_NAEBVpath@filesystem@std@@IIAEBV?$vector@W4SoundChannel@sf@@V?$allocator@W4SoundChannel@sf@@@std@@@6@@Z)
sfml-audio-s-d.lib(SoundFileWriterFlac.obj) : error LNK2019: unresolved external symbol FLAC__stream_encoder_delete referenced in function "public: void __cdecl sf::priv::SoundFileWriterFlac::FlacStreamEncoderDeleter::operator()(struct FLAC__StreamEncoder *)const " (??RFlacStreamEncoderDeleter@SoundFileWriterFlac@priv@sf@@QEBAXPEAUFLAC__StreamEncoder@@@Z)
sfml-audio-s-d.lib(SoundFileWriterFlac.obj) : error LNK2019: unresolved external symbol FLAC__stream_encoder_set_channels referenced in function "public: virtual bool __cdecl sf::priv::SoundFileWriterFlac::open(class std::filesystem::path const &,unsigned int,unsigned int,class std::vector<enum sf::SoundChannel,class std::allocator<enum sf::SoundChannel> > const &)" (?open@SoundFileWriterFlac@priv@sf@@UEAA_NAEBVpath@filesystem@std@@IIAEBV?$vector@W4SoundChannel@sf@@V?$allocator@W4SoundChannel@sf@@@std@@@6@@Z)
sfml-audio-s-d.lib(SoundFileWriterFlac.obj) : error LNK2019: unresolved external symbol FLAC__stream_encoder_set_bits_per_sample referenced in function "public: virtual bool __cdecl sf::priv::SoundFileWriterFlac::open(class std::filesystem::path const &,unsigned int,unsigned int,class std::vector<enum sf::SoundChannel,class std::allocator<enum sf::SoundChannel> > const &)" (?open@SoundFileWriterFlac@priv@sf@@UEAA_NAEBVpath@filesystem@std@@IIAEBV?$vector@W4SoundChannel@sf@@V?$allocator@W4SoundChannel@sf@@@std@@@6@@Z)
sfml-audio-s-d.lib(SoundFileWriterFlac.obj) : error LNK2019: unresolved external symbol FLAC__stream_encoder_set_sample_rate referenced in function "public: virtual bool __cdecl sf::priv::SoundFileWriterFlac::open(class std::filesystem::path const &,unsigned int,unsigned int,class std::vector<enum sf::SoundChannel,class std::allocator<enum sf::SoundChannel> > const &)" (?open@SoundFileWriterFlac@priv@sf@@UEAA_NAEBVpath@filesystem@std@@IIAEBV?$vector@W4SoundChannel@sf@@V?$allocator@W4SoundChannel@sf@@@std@@@6@@Z)
sfml-audio-s-d.lib(SoundFileWriterFlac.obj) : error LNK2019: unresolved external symbol FLAC__stream_encoder_init_file referenced in function "public: virtual bool __cdecl sf::priv::SoundFileWriterFlac::open(class std::filesystem::path const &,unsigned int,unsigned int,class std::vector<enum sf::SoundChannel,class std::allocator<enum sf::SoundChannel> > const &)" (?open@SoundFileWriterFlac@priv@sf@@UEAA_NAEBVpath@filesystem@std@@IIAEBV?$vector@W4SoundChannel@sf@@V?$allocator@W4SoundChannel@sf@@@std@@@6@@Z)
sfml-audio-s-d.lib(SoundFileWriterFlac.obj) : error LNK2019: unresolved external symbol FLAC__stream_encoder_finish referenced in function "public: void __cdecl sf::priv::SoundFileWriterFlac::FlacStreamEncoderDeleter::operator()(struct FLAC__StreamEncoder *)const " (??RFlacStreamEncoderDeleter@SoundFileWriterFlac@priv@sf@@QEBAXPEAUFLAC__StreamEncoder@@@Z)
sfml-audio-s-d.lib(SoundFileWriterFlac.obj) : error LNK2019: unresolved external symbol FLAC__stream_encoder_process_interleaved referenced in function "public: virtual void __cdecl sf::priv::SoundFileWriterFlac::write(short const *,unsigned __int64)" (?write@SoundFileWriterFlac@priv@sf@@UEAAXPEBF_K@Z)
sfml-audio-s-d.lib(SoundFileWriterOgg.obj) : error LNK2019: unresolved external symbol ogg_stream_packetin referenced in function "public: virtual bool __cdecl sf::priv::SoundFileWriterOgg::open(class std::filesystem::path const &,unsigned int,unsigned int,class std::vector<enum sf::SoundChannel,class std::allocator<enum sf::SoundChannel> > const &)" (?open@SoundFileWriterOgg@priv@sf@@UEAA_NAEBVpath@filesystem@std@@IIAEBV?$vector@W4SoundChannel@sf@@V?$allocator@W4SoundChannel@sf@@@std@@@6@@Z)
sfml-audio-s-d.lib(SoundFileWriterOgg.obj) : error LNK2019: unresolved external symbol ogg_stream_flush referenced in function "public: virtual bool __cdecl sf::priv::SoundFileWriterOgg::open(class std::filesystem::path const &,unsigned int,unsigned int,class std::vector<enum sf::SoundChannel,class std::allocator<enum sf::SoundChannel> > const &)" (?open@SoundFileWriterOgg@priv@sf@@UEAA_NAEBVpath@filesystem@std@@IIAEBV?$vector@W4SoundChannel@sf@@V?$allocator@W4SoundChannel@sf@@@std@@@6@@Z)
sfml-audio-s-d.lib(SoundFileWriterOgg.obj) : error LNK2019: unresolved external symbol ogg_stream_init referenced in function "public: virtual bool __cdecl sf::priv::SoundFileWriterOgg::open(class std::filesystem::path const &,unsigned int,unsigned int,class std::vector<enum sf::SoundChannel,class std::allocator<enum sf::SoundChannel> > const &)" (?open@SoundFileWriterOgg@priv@sf@@UEAA_NAEBVpath@filesystem@std@@IIAEBV?$vector@W4SoundChannel@sf@@V?$allocator@W4SoundChannel@sf@@@std@@@6@@Z)
sfml-audio-s-d.lib(SoundFileWriterOgg.obj) : error LNK2019: unresolved external symbol ogg_stream_clear referenced in function "private: void __cdecl sf::priv::SoundFileWriterOgg::close(void)" (?close@SoundFileWriterOgg@priv@sf@@AEAAXXZ)
sfml-audio-s-d.lib(SoundFileWriterOgg.obj) : error LNK2019: unresolved external symbol vorbis_info_init referenced in function "public: virtual bool __cdecl sf::priv::SoundFileWriterOgg::open(class std::filesystem::path const &,unsigned int,unsigned int,class std::vector<enum sf::SoundChannel,class std::allocator<enum sf::SoundChannel> > const &)" (?open@SoundFileWriterOgg@priv@sf@@UEAA_NAEBVpath@filesystem@std@@IIAEBV?$vector@W4SoundChannel@sf@@V?$allocator@W4SoundChannel@sf@@@std@@@6@@Z)
sfml-audio-s-d.lib(SoundFileWriterOgg.obj) : error LNK2019: unresolved external symbol vorbis_info_clear referenced in function "private: void __cdecl sf::priv::SoundFileWriterOgg::close(void)" (?close@SoundFileWriterOgg@priv@sf@@AEAAXXZ)
sfml-audio-s-d.lib(SoundFileWriterOgg.obj) : error LNK2019: unresolved external symbol vorbis_comment_init referenced in function "public: virtual bool __cdecl sf::priv::SoundFileWriterOgg::open(class std::filesystem::path const &,unsigned int,unsigned int,class std::vector<enum sf::SoundChannel,class std::allocator<enum sf::SoundChannel> > const &)" (?open@SoundFileWriterOgg@priv@sf@@UEAA_NAEBVpath@filesystem@std@@IIAEBV?$vector@W4SoundChannel@sf@@V?$allocator@W4SoundChannel@sf@@@std@@@6@@Z)
sfml-audio-s-d.lib(SoundFileWriterOgg.obj) : error LNK2019: unresolved external symbol vorbis_comment_clear referenced in function "public: virtual bool __cdecl sf::priv::SoundFileWriterOgg::open(class std::filesystem::path const &,unsigned int,unsigned int,class std::vector<enum sf::SoundChannel,class std::allocator<enum sf::SoundChannel> > const &)" (?open@SoundFileWriterOgg@priv@sf@@UEAA_NAEBVpath@filesystem@std@@IIAEBV?$vector@W4SoundChannel@sf@@V?$allocator@W4SoundChannel@sf@@@std@@@6@@Z)
sfml-audio-s-d.lib(SoundFileWriterOgg.obj) : error LNK2019: unresolved external symbol vorbis_block_init referenced in function "private: void __cdecl sf::priv::SoundFileWriterOgg::flushBlocks(void)" (?flushBlocks@SoundFileWriterOgg@priv@sf@@AEAAXXZ)
sfml-audio-s-d.lib(SoundFileWriterOgg.obj) : error LNK2019: unresolved external symbol vorbis_block_clear referenced in function "private: void __cdecl sf::priv::SoundFileWriterOgg::flushBlocks(void)" (?flushBlocks@SoundFileWriterOgg@priv@sf@@AEAAXXZ)
sfml-audio-s-d.lib(SoundFileWriterOgg.obj) : error LNK2019: unresolved external symbol vorbis_dsp_clear referenced in function "private: void __cdecl sf::priv::SoundFileWriterOgg::close(void)" (?close@SoundFileWriterOgg@priv@sf@@AEAAXXZ)
sfml-audio-s-d.lib(SoundFileWriterOgg.obj) : error LNK2019: unresolved external symbol vorbis_analysis_init referenced in function "public: virtual bool __cdecl sf::priv::SoundFileWriterOgg::open(class std::filesystem::path const &,unsigned int,unsigned int,class std::vector<enum sf::SoundChannel,class std::allocator<enum sf::SoundChannel> > const &)" (?open@SoundFileWriterOgg@priv@sf@@UEAA_NAEBVpath@filesystem@std@@IIAEBV?$vector@W4SoundChannel@sf@@V?$allocator@W4SoundChannel@sf@@@std@@@6@@Z)
sfml-audio-s-d.lib(SoundFileWriterOgg.obj) : error LNK2019: unresolved external symbol vorbis_analysis_headerout referenced in function "public: virtual bool __cdecl sf::priv::SoundFileWriterOgg::open(class std::filesystem::path const &,unsigned int,unsigned int,class std::vector<enum sf::SoundChannel,class std::allocator<enum sf::SoundChannel> > const &)" (?open@SoundFileWriterOgg@priv@sf@@UEAA_NAEBVpath@filesystem@std@@IIAEBV?$vector@W4SoundChannel@sf@@V?$allocator@W4SoundChannel@sf@@@std@@@6@@Z)
sfml-audio-s-d.lib(SoundFileWriterOgg.obj) : error LNK2019: unresolved external symbol vorbis_analysis_buffer referenced in function "public: virtual void __cdecl sf::priv::SoundFileWriterOgg::write(short const *,unsigned __int64)" (?write@SoundFileWriterOgg@priv@sf@@UEAAXPEBF_K@Z)
sfml-audio-s-d.lib(SoundFileWriterOgg.obj) : error LNK2019: unresolved external symbol vorbis_analysis_wrote referenced in function "public: virtual void __cdecl sf::priv::SoundFileWriterOgg::write(short const *,unsigned __int64)" (?write@SoundFileWriterOgg@priv@sf@@UEAAXPEBF_K@Z)
sfml-audio-s-d.lib(SoundFileWriterOgg.obj) : error LNK2019: unresolved external symbol vorbis_analysis_blockout referenced in function "private: void __cdecl sf::priv::SoundFileWriterOgg::flushBlocks(void)" (?flushBlocks@SoundFileWriterOgg@priv@sf@@AEAAXXZ)
sfml-audio-s-d.lib(SoundFileWriterOgg.obj) : error LNK2019: unresolved external symbol vorbis_analysis referenced in function "private: void __cdecl sf::priv::SoundFileWriterOgg::flushBlocks(void)" (?flushBlocks@SoundFileWriterOgg@priv@sf@@AEAAXXZ)
sfml-audio-s-d.lib(SoundFileWriterOgg.obj) : error LNK2019: unresolved external symbol vorbis_bitrate_addblock referenced in function "private: void __cdecl sf::priv::SoundFileWriterOgg::flushBlocks(void)" (?flushBlocks@SoundFileWriterOgg@priv@sf@@AEAAXXZ)
sfml-audio-s-d.lib(SoundFileWriterOgg.obj) : error LNK2019: unresolved external symbol vorbis_bitrate_flushpacket referenced in function "private: void __cdecl sf::priv::SoundFileWriterOgg::flushBlocks(void)" (?flushBlocks@SoundFileWriterOgg@priv@sf@@AEAAXXZ)
sfml-audio-s-d.lib(SoundFileWriterOgg.obj) : error LNK2019: unresolved external symbol vorbis_encode_init_vbr referenced in function "public: virtual bool __cdecl sf::priv::SoundFileWriterOgg::open(class std::filesystem::path const &,unsigned int,unsigned int,class std::vector<enum sf::SoundChannel,class std::allocator<enum sf::SoundChannel> > const &)" (?open@SoundFileWriterOgg@priv@sf@@UEAA_NAEBVpath@filesystem@std@@IIAEBV?$vector@W4SoundChannel@sf@@V?$allocator@W4SoundChannel@sf@@@std@@@6@@Z)
C:\Users\quant\source\repos\project\x64\Debug\project.exe : fatal error LNK1120: 75 unresolved externals
