c:\users\quant\source\repos\project\project\x64\debug\vc143.pdb
c:\users\quant\source\repos\project\project\x64\debug\vc143.idb
c:\users\quant\source\repos\project\project\x64\debug\project.obj
c:\users\quant\source\repos\project\project\x64\debug\imgui_widgets.obj
c:\users\quant\source\repos\project\project\x64\debug\imgui_tables.obj
c:\users\quant\source\repos\project\project\x64\debug\imgui_draw.obj
c:\users\quant\source\repos\project\project\x64\debug\imgui_demo.obj
c:\users\quant\source\repos\project\project\x64\debug\imgui.obj
c:\users\quant\source\repos\project\project\x64\debug\imgui-sfml.obj
c:\users\quant\source\repos\project\project\x64\debug\project.ilk
c:\users\quant\source\repos\project\x64\debug\project.pdb
c:\users\quant\source\repos\project\project\x64\debug\project.tlog\cl.command.1.tlog
c:\users\quant\source\repos\project\project\x64\debug\project.tlog\cl.items.tlog
c:\users\quant\source\repos\project\project\x64\debug\project.tlog\cl.read.1.tlog
c:\users\quant\source\repos\project\project\x64\debug\project.tlog\cl.write.1.tlog
c:\users\quant\source\repos\project\project\x64\debug\project.tlog\link-cvtres.read.1.tlog
c:\users\quant\source\repos\project\project\x64\debug\project.tlog\link-cvtres.write.1.tlog
c:\users\quant\source\repos\project\project\x64\debug\project.tlog\link-rc.read.1.tlog
c:\users\quant\source\repos\project\project\x64\debug\project.tlog\link-rc.write.1.tlog
c:\users\quant\source\repos\project\project\x64\debug\project.tlog\link.14676-cvtres.read.1.tlog
c:\users\quant\source\repos\project\project\x64\debug\project.tlog\link.14676-cvtres.write.1.tlog
c:\users\quant\source\repos\project\project\x64\debug\project.tlog\link.14676-rc.read.1.tlog
c:\users\quant\source\repos\project\project\x64\debug\project.tlog\link.14676-rc.write.1.tlog
c:\users\quant\source\repos\project\project\x64\debug\project.tlog\link.14676.read.1.tlog
c:\users\quant\source\repos\project\project\x64\debug\project.tlog\link.14676.read.2.tlog
c:\users\quant\source\repos\project\project\x64\debug\project.tlog\link.14676.write.1.tlog
c:\users\quant\source\repos\project\project\x64\debug\project.tlog\link.command.1.tlog
c:\users\quant\source\repos\project\project\x64\debug\project.tlog\link.read.1.tlog
c:\users\quant\source\repos\project\project\x64\debug\project.tlog\link.read.2.tlog
c:\users\quant\source\repos\project\project\x64\debug\project.tlog\link.secondary.1.tlog
c:\users\quant\source\repos\project\project\x64\debug\project.tlog\link.write.1.tlog
